[2020-04-26 01:30:27.938] [main] [info] update#setState idle
[2020-04-26 01:30:57.948] [main] [info] update#setState checking for updates
[2020-04-26 01:30:58.545] [main] [info] update#setState idle
[2020-04-26 02:30:57.966] [main] [info] update#setState checking for updates
[2020-04-26 02:30:59.612] [main] [info] update#setState idle
[2020-04-26 03:30:57.975] [main] [info] update#setState checking for updates
[2020-04-26 03:30:59.419] [main] [info] update#setState idle
[2020-04-26 04:30:57.995] [main] [info] update#setState checking for updates
[2020-04-26 04:31:00.941] [main] [info] update#setState idle
[2020-04-26 05:30:58.003] [main] [info] update#setState checking for updates
[2020-04-26 05:31:00.092] [main] [info] update#setState idle
[2020-04-26 06:30:58.147] [main] [info] update#setState checking for updates
[2020-04-26 06:31:00.419] [main] [info] update#setState idle
[2020-04-26 07:30:58.175] [main] [info] update#setState checking for updates
[2020-04-26 07:31:04.818] [main] [info] update#setState idle
[2020-04-26 08:30:58.204] [main] [info] update#setState checking for updates
[2020-04-26 08:31:00.382] [main] [info] update#setState idle
[2020-04-26 12:19:29.658] [main] [info] update#setState checking for updates
[2020-04-26 12:19:30.888] [main] [info] update#setState idle
[2020-04-26 13:19:30.238] [main] [info] update#setState checking for updates
[2020-04-26 13:19:32.645] [main] [info] update#setState idle
[2020-04-26 14:19:30.262] [main] [info] update#setState checking for updates
[2020-04-26 14:19:32.142] [main] [info] update#setState idle
[2020-04-26 15:19:30.507] [main] [info] update#setState checking for updates
[2020-04-26 15:19:34.190] [main] [info] update#setState idle
[2020-04-26 16:19:30.726] [main] [info] update#setState checking for updates
[2020-04-26 16:19:32.573] [main] [info] update#setState idle
[2020-04-26 17:19:30.750] [main] [info] update#setState checking for updates
[2020-04-26 17:19:32.746] [main] [info] update#setState idle
[2020-04-26 18:19:30.775] [main] [info] update#setState checking for updates
[2020-04-26 18:19:32.360] [main] [info] update#setState idle
[2020-04-26 19:19:30.795] [main] [info] update#setState checking for updates
[2020-04-26 19:19:33.665] [main] [info] update#setState idle
[2020-04-26 20:19:30.846] [main] [info] update#setState checking for updates
[2020-04-26 20:19:33.303] [main] [info] update#setState idle
[2020-04-26 21:19:30.868] [main] [info] update#setState checking for updates
[2020-04-26 21:19:32.610] [main] [info] update#setState idle
[2020-04-26 22:19:30.973] [main] [info] update#setState checking for updates
[2020-04-26 22:19:32.780] [main] [info] update#setState idle
[2020-04-26 23:19:30.987] [main] [info] update#setState checking for updates
[2020-04-26 23:19:33.195] [main] [info] update#setState idle
[2020-04-27 00:19:31.035] [main] [info] update#setState checking for updates
[2020-04-27 00:19:34.076] [main] [info] update#setState idle
[2020-04-27 01:19:31.050] [main] [info] update#setState checking for updates
[2020-04-27 01:19:33.471] [main] [info] update#setState idle
[2020-04-27 02:19:31.062] [main] [info] update#setState checking for updates
[2020-04-27 02:19:32.905] [main] [info] update#setState idle
[2020-04-27 03:19:31.245] [main] [info] update#setState checking for updates
[2020-04-27 03:19:34.374] [main] [info] update#setState idle
[2020-04-27 04:19:31.291] [main] [info] update#setState checking for updates
[2020-04-27 04:19:41.922] [main] [info] update#setState idle
[2020-04-27 05:19:31.607] [main] [info] update#setState checking for updates
[2020-04-27 05:19:35.033] [main] [info] update#setState idle
[2020-04-27 06:19:31.614] [main] [info] update#setState checking for updates
[2020-04-27 06:19:33.407] [main] [info] update#setState idle
[2020-04-27 07:19:31.617] [main] [info] update#setState checking for updates
[2020-04-27 07:19:34.489] [main] [info] update#setState idle
[2020-04-27 08:19:31.626] [main] [info] update#setState checking for updates
[2020-04-27 08:19:38.184] [main] [info] update#setState idle
[2020-04-27 09:19:31.683] [main] [info] update#setState checking for updates
[2020-04-27 09:19:36.276] [main] [info] update#setState idle
[2020-04-27 10:19:31.709] [main] [info] update#setState checking for updates
[2020-04-27 10:19:34.477] [main] [info] update#setState idle
[2020-04-27 11:19:31.733] [main] [info] update#setState checking for updates
[2020-04-27 11:19:35.205] [main] [info] update#setState idle
[2020-04-27 12:19:31.741] [main] [info] update#setState checking for updates
[2020-04-27 12:19:39.153] [main] [info] update#setState idle
[2020-04-27 13:19:31.752] [main] [info] update#setState checking for updates
[2020-04-27 13:19:33.621] [main] [info] update#setState idle
[2020-04-27 14:19:31.761] [main] [info] update#setState checking for updates
[2020-04-27 14:19:34.201] [main] [info] update#setState idle
[2020-04-27 15:19:31.767] [main] [info] update#setState checking for updates
[2020-04-27 15:19:31.884] [main] [error] Error: net::ERR_INTERNET_DISCONNECTED
    at SimpleURLLoaderWrapper.<anonymous> (electron/js2c/browser_init.js:2623:21)
    at SimpleURLLoaderWrapper.emit (events.js:203:13)
[2020-04-27 15:19:31.885] [main] [info] update#setState idle
[2020-04-27 16:19:31.775] [main] [info] update#setState checking for updates
[2020-04-27 16:19:31.780] [main] [error] Error: net::ERR_INTERNET_DISCONNECTED
    at SimpleURLLoaderWrapper.<anonymous> (electron/js2c/browser_init.js:2623:21)
    at SimpleURLLoaderWrapper.emit (events.js:203:13)
[2020-04-27 16:19:31.780] [main] [info] update#setState idle
[2020-04-27 17:19:31.785] [main] [info] update#setState checking for updates
[2020-04-27 17:19:31.796] [main] [error] Error: net::ERR_INTERNET_DISCONNECTED
    at SimpleURLLoaderWrapper.<anonymous> (electron/js2c/browser_init.js:2623:21)
    at SimpleURLLoaderWrapper.emit (events.js:203:13)
[2020-04-27 17:19:31.796] [main] [info] update#setState idle
[2020-04-27 18:19:31.792] [main] [info] update#setState checking for updates
[2020-04-27 18:19:31.802] [main] [error] Error: net::ERR_INTERNET_DISCONNECTED
    at SimpleURLLoaderWrapper.<anonymous> (electron/js2c/browser_init.js:2623:21)
    at SimpleURLLoaderWrapper.emit (events.js:203:13)
[2020-04-27 18:19:31.802] [main] [info] update#setState idle
[2020-04-27 19:19:31.795] [main] [info] update#setState checking for updates
[2020-04-27 19:19:33.255] [main] [info] update#setState idle
[2020-04-27 20:19:30.673] [main] [info] update#setState checking for updates
[2020-04-27 20:19:32.739] [main] [info] update#setState idle
[2020-04-27 21:06:45.822] [main] [error] [VS Code]: detected unresponsive
[2020-04-27 21:19:30.675] [main] [info] update#setState checking for updates
[2020-04-27 21:19:32.080] [main] [info] update#setState idle
[2020-04-27 22:19:30.681] [main] [info] update#setState checking for updates
[2020-04-27 22:19:32.762] [main] [info] update#setState idle
[2020-04-27 23:19:30.684] [main] [info] update#setState checking for updates
[2020-04-27 23:19:32.694] [main] [info] update#setState idle
[2020-04-28 00:19:30.745] [main] [info] update#setState checking for updates
[2020-04-28 00:19:33.075] [main] [info] update#setState idle
[2020-04-28 01:19:30.787] [main] [info] update#setState checking for updates
[2020-04-28 01:19:30.831] [main] [error] Error: net::ERR_INTERNET_DISCONNECTED
    at SimpleURLLoaderWrapper.<anonymous> (electron/js2c/browser_init.js:2623:21)
    at SimpleURLLoaderWrapper.emit (events.js:203:13)
[2020-04-28 01:19:30.832] [main] [info] update#setState idle
[2020-04-28 02:19:30.836] [main] [info] update#setState checking for updates
[2020-04-28 02:19:33.347] [main] [info] update#setState idle
[2020-04-28 03:19:30.894] [main] [info] update#setState checking for updates
[2020-04-28 03:19:32.678] [main] [info] update#setState idle
[2020-04-28 04:19:30.949] [main] [info] update#setState checking for updates
[2020-04-28 04:19:33.697] [main] [info] update#setState idle
[2020-04-28 05:19:31.001] [main] [info] update#setState checking for updates
[2020-04-28 05:19:32.230] [main] [info] update#setState idle
[2020-04-28 06:19:31.008] [main] [info] update#setState checking for updates
[2020-04-28 06:19:32.950] [main] [info] update#setState idle
[2020-04-28 07:19:31.013] [main] [info] update#setState checking for updates
[2020-04-28 07:19:32.465] [main] [info] update#setState idle
[2020-04-28 08:19:31.061] [main] [info] update#setState checking for updates
[2020-04-28 08:19:33.550] [main] [info] update#setState idle
[2020-04-28 09:19:31.089] [main] [info] update#setState checking for updates
[2020-04-28 09:19:33.035] [main] [info] update#setState idle
[2020-04-28 10:19:31.131] [main] [info] update#setState checking for updates
[2020-04-28 10:19:32.926] [main] [info] update#setState idle
[2020-04-28 11:19:31.177] [main] [info] update#setState checking for updates
[2020-04-28 11:19:33.204] [main] [info] update#setState idle
[2020-04-28 12:19:31.225] [main] [info] update#setState checking for updates
[2020-04-28 12:19:33.159] [main] [info] update#setState idle
[2020-04-28 13:19:31.270] [main] [info] update#setState checking for updates
[2020-04-28 13:19:33.509] [main] [info] update#setState idle
[2020-04-28 14:19:31.317] [main] [info] update#setState checking for updates
[2020-04-28 14:19:33.365] [main] [info] update#setState idle
[2020-04-28 15:19:31.357] [main] [info] update#setState checking for updates
[2020-04-28 15:19:33.449] [main] [info] update#setState idle
[2020-04-28 16:19:31.401] [main] [info] update#setState checking for updates
[2020-04-28 16:19:33.138] [main] [info] update#setState idle
[2020-04-28 17:19:31.442] [main] [info] update#setState checking for updates
[2020-04-28 17:19:33.504] [main] [info] update#setState idle
[2020-04-28 18:19:31.629] [main] [info] update#setState checking for updates
[2020-04-28 18:19:33.049] [main] [info] update#setState idle
[2020-04-28 19:19:31.654] [main] [info] update#setState checking for updates
[2020-04-28 19:19:38.428] [main] [info] update#setState idle
[2020-04-28 20:19:31.687] [main] [info] update#setState checking for updates
[2020-04-28 20:19:33.329] [main] [info] update#setState idle
[2020-04-28 21:19:31.709] [main] [info] update#setState checking for updates
[2020-04-28 21:19:32.871] [main] [info] update#setState idle
[2020-04-28 22:19:31.740] [main] [info] update#setState checking for updates
[2020-04-28 22:19:33.464] [main] [info] update#setState idle
[2020-04-28 23:19:31.778] [main] [info] update#setState checking for updates
[2020-04-28 23:19:33.479] [main] [info] update#setState idle
[2020-04-29 00:19:32.158] [main] [info] update#setState checking for updates
[2020-04-29 00:19:33.844] [main] [info] update#setState idle
[2020-04-29 01:19:32.185] [main] [info] update#setState checking for updates
[2020-04-29 01:19:33.803] [main] [info] update#setState idle
[2020-04-29 02:19:32.211] [main] [info] update#setState checking for updates
[2020-04-29 02:19:34.286] [main] [info] update#setState idle
[2020-04-29 03:19:32.232] [main] [info] update#setState checking for updates
[2020-04-29 03:19:32.271] [main] [error] Error: net::ERR_INTERNET_DISCONNECTED
    at SimpleURLLoaderWrapper.<anonymous> (electron/js2c/browser_init.js:2623:21)
    at SimpleURLLoaderWrapper.emit (events.js:203:13)
[2020-04-29 03:19:32.272] [main] [info] update#setState idle
[2020-04-29 04:19:32.255] [main] [info] update#setState checking for updates
[2020-04-29 04:19:32.264] [main] [error] Error: net::ERR_INTERNET_DISCONNECTED
    at SimpleURLLoaderWrapper.<anonymous> (electron/js2c/browser_init.js:2623:21)
    at SimpleURLLoaderWrapper.emit (events.js:203:13)
[2020-04-29 04:19:32.265] [main] [info] update#setState idle
[2020-04-29 05:19:32.273] [main] [info] update#setState checking for updates
[2020-04-29 05:19:32.283] [main] [error] Error: net::ERR_INTERNET_DISCONNECTED
    at SimpleURLLoaderWrapper.<anonymous> (electron/js2c/browser_init.js:2623:21)
    at SimpleURLLoaderWrapper.emit (events.js:203:13)
[2020-04-29 05:19:32.283] [main] [info] update#setState idle
[2020-04-29 06:19:32.289] [main] [info] update#setState checking for updates
[2020-04-29 06:19:32.296] [main] [error] Error: net::ERR_INTERNET_DISCONNECTED
    at SimpleURLLoaderWrapper.<anonymous> (electron/js2c/browser_init.js:2623:21)
    at SimpleURLLoaderWrapper.emit (events.js:203:13)
[2020-04-29 06:19:32.296] [main] [info] update#setState idle
[2020-04-29 07:19:32.302] [main] [info] update#setState checking for updates
[2020-04-29 07:19:32.308] [main] [error] Error: net::ERR_INTERNET_DISCONNECTED
    at SimpleURLLoaderWrapper.<anonymous> (electron/js2c/browser_init.js:2623:21)
    at SimpleURLLoaderWrapper.emit (events.js:203:13)
[2020-04-29 07:19:32.308] [main] [info] update#setState idle
[2020-04-29 08:19:32.313] [main] [info] update#setState checking for updates
[2020-04-29 08:19:36.272] [main] [info] update#setState idle
[2020-04-29 09:19:32.321] [main] [info] update#setState checking for updates
[2020-04-29 09:19:33.764] [main] [info] update#setState idle
[2020-04-29 10:19:32.329] [main] [info] update#setState checking for updates
[2020-04-29 10:19:35.055] [main] [info] update#setState idle
[2020-04-29 11:19:32.776] [main] [info] update#setState checking for updates
[2020-04-29 11:19:34.260] [main] [info] update#setState idle
[2020-04-29 12:19:32.784] [main] [info] update#setState checking for updates
[2020-04-29 12:19:34.454] [main] [info] update#setState idle
[2020-04-29 13:19:32.791] [main] [info] update#setState checking for updates
[2020-04-29 13:19:34.651] [main] [info] update#setState idle
[2020-04-29 14:19:32.795] [main] [info] update#setState checking for updates
[2020-04-29 14:19:35.275] [main] [info] update#setState idle
[2020-04-29 15:19:32.855] [main] [info] update#setState checking for updates
[2020-04-29 15:19:34.103] [main] [info] update#setState idle
[2020-04-29 16:19:32.913] [main] [info] update#setState checking for updates
[2020-04-29 16:19:34.772] [main] [info] update#setState idle
[2020-04-29 17:19:32.968] [main] [info] update#setState checking for updates
[2020-04-29 17:19:34.149] [main] [info] update#setState idle
[2020-04-29 17:20:09.751] [main] [error] Backup: Could not save workspaces.json: Error: ENOENT: no such file or directory, open '/home/aver343/Desktop/MERN TASK-MANAGER/~/.vscode-root/Backups/workspaces.json'
[2020-04-29 17:27:19.005] [main] [error] Backup: Could not save workspaces.json: Error: ENOENT: no such file or directory, open '/home/aver343/Desktop/MERN TASK-MANAGER/~/.vscode-root/Backups/workspaces.json'
[2020-04-29 17:27:34.797] [main] [error] [storage state.vscdb] prepare(): Error: SQLITE_READONLY_DBMOVED: attempt to write a readonly database (INSERT INTO ItemTable VALUES (?,?)). Details: Keys: extensionsAssistant/recommendations Length: 413
[2020-04-29 17:27:34.971] [main] [error] [storage state.vscdb] prepare(): Error: SQLITE_READONLY_DBMOVED: attempt to write a readonly database (INSERT INTO ItemTable VALUES (?,?)). Details: Keys: extensionsAssistant/recommendations Length: 413
